Loaded blue checkpoint from experiments/compromise-16x16-5-3b2r-coevo/checkpoint.npz
Setup: n_blue=3 n_red=2 obs_dim=23 max_steps=200 arms=('I', 'W', 'F') seeds=3 eps=3000
  arm=I seed=0: training 3000 eps...
  arm=I seed=0: done in 37.4s | H[red] 0.837->-0.000 | blue_R last100 +1.06
  arm=I seed=1: training 3000 eps...
  arm=I seed=1: done in 37.9s | H[red] 0.934->-0.000 | blue_R last100 +1.04
  arm=I seed=2: training 3000 eps...
  arm=I seed=2: done in 38.2s | H[red] 0.974->-0.000 | blue_R last100 +1.25
  arm=W seed=0: training 3000 eps...
  arm=W seed=0: done in 38.2s | H[red] 1.544->0.282 | blue_R last100 +1.12
  arm=W seed=1: training 3000 eps...
  arm=W seed=1: done in 38.7s | H[red] 1.484->-0.000 | blue_R last100 +1.20
  arm=W seed=2: training 3000 eps...
  arm=W seed=2: done in 38.4s | H[red] 1.469->0.686 | blue_R last100 +1.08
  arm=F seed=0: training 3000 eps...
  arm=F seed=0: done in 38.4s | H[red] 1.547->0.505 | blue_R last100 +1.17
  arm=F seed=1: training 3000 eps...
  arm=F seed=1: done in 38.8s | H[red] 1.417->-0.000 | blue_R last100 +1.20
  arm=F seed=2: training 3000 eps...
  arm=F seed=2: done in 38.3s | H[red] 1.402->0.649 | blue_R last100 +1.04

Saved experiments/red-prior-phase1/red_prior_phase1.npz

Final-100ep means (mean ± std across seeds):
  arm | H[red]_final     | blue_R_final     | red_R_final
  I   | 0.000 ± 0.000   | +1.117 ± 0.094   | -1.676 ± 0.142
  W   | 0.384 ± 0.272   | +1.133 ± 0.048   | -1.700 ± 0.071
  F   | 0.400 ± 0.283   | +1.136 ± 0.070   | -1.703 ± 0.105
