Isometric-view renderer: subsample=5 fps=10 max_steps=200

=== B: B — 5 blue, 0 red ===
  rollout 200 steps, final blue=100.0%  (baseline — no red)  (0.6s)
    fogging: peak 0 cells fogged at t=0  ·  final 0 cells fogged  ·  ever-vs-currently gap at t=200 = 0.0 pp (ever 100.0% vs currently 100.0%)
  wrote experiments/meta-report/iso_B_global.gif  (2.6s)
  wrote experiments/meta-report/iso_B_blue.gif  (2.6s)

=== C1: C1 — 4 blue, 1 red ===
  rollout 200 steps, final blue=94.4%  merged=94.4%  (0.4s)
    cell breakdown at t=200:  blue-only 53.1%   BOTH-KNOW 41.3% (red effort duplicating blue)   red-only 0.0% (red hoards)   nobody 5.6% (sabotage: never seen)
    fogging: peak 2 cells fogged at t=123  ·  final 0 cells fogged  ·  ever-vs-currently gap at t=200 = 0.0 pp (ever 94.4% vs currently 94.4%)
  wrote experiments/meta-report/iso_C1_global.gif  (2.5s)
  wrote experiments/meta-report/iso_C1_blue.gif  (2.6s)
  wrote experiments/meta-report/iso_C1_red.gif  (2.5s)
  wrote experiments/meta-report/iso_C1_sabotage.gif  (2.7s)
  wrote experiments/meta-report/iso_C1_uncertainty.gif  (2.8s)

=== C2: C2 — 3 blue, 2 red ===
  rollout 200 steps, final blue=89.8%  merged=90.8%  (0.5s)
    cell breakdown at t=200:  blue-only 52.6%   BOTH-KNOW 36.2% (red effort duplicating blue)   red-only 2.0% (red hoards)   nobody 9.2% (sabotage: never seen)
    fogging: peak 3 cells fogged at t=29  ·  final 2 cells fogged  ·  ever-vs-currently gap at t=200 = 1.0 pp (ever 89.8% vs currently 88.8%)
  wrote experiments/meta-report/iso_C2_global.gif  (2.5s)
  wrote experiments/meta-report/iso_C2_blue.gif  (2.6s)
  wrote experiments/meta-report/iso_C2_red.gif  (2.9s)
  wrote experiments/meta-report/iso_C2_sabotage.gif  (3.0s)
  wrote experiments/meta-report/iso_C2_uncertainty.gif  (3.0s)

=== Time-to-threshold (canonical seed 0, blue-team coverage) ===
  B: final=100.0%   T(70%) = 35   T(80%) = 50   T(90%) = 85   T(95%) = 132
  C1: final=94.4%   T(70%) = 83   T(80%) = 100   T(90%) = 120   T(95%) = NEVER CROSSED
  C2: final=89.8%   T(70%) = 78   T(80%) = 94   T(90%) = NEVER CROSSED   T(95%) = NEVER CROSSED
  wrote experiments/meta-report/iso_time_to_threshold.json

=== 3-up synchronized comparison (mission degradation + sabotage + uncertainty) ===
  wrote experiments/meta-report/iso_compare_sabotage.gif  (11.2s)
  wrote experiments/meta-report/iso_compare_uncertainty.gif  (11.4s)
  wrote experiments/meta-report/iso_compare_blue.gif  (11.5s)
  wrote experiments/meta-report/iso_compare_global.gif  (10.3s)

Total render time: 78.6s
